<?xml version="1.0" encoding="UTF-8"?>
<testng-results skipped="0" failed="0" ignored="0" total="3" passed="3">
  <reporter-output>
  </reporter-output>
  <suite name="Suite" duration-ms="2687" started-at="2021-07-05T06:33:34 UTC" finished-at="2021-07-05T06:33:37 UTC">
    <groups>
    </groups>
    <test name="Test" duration-ms="2687" started-at="2021-07-05T06:33:34 UTC" finished-at="2021-07-05T06:33:37 UTC">
      <class name="test.Logtest">
        <test-method status="PASS" signature="setup()[pri:0, instance:test.Logtest@4abdb505]" name="setup" is-config="true" duration-ms="1740" started-at="2021-07-05T06:33:34 UTC" finished-at="2021-07-05T06:33:36 UTC">
          <reporter-output>
          </reporter-output>
        </test-method> <!-- setup -->
        <test-method status="PASS" signature="Login2()[pri:0, instance:test.Logtest@4abdb505]" name="Login2" duration-ms="376" started-at="2021-07-05T06:33:36 UTC" finished-at="2021-07-05T06:33:36 UTC">
          <reporter-output>
          </reporter-output>
        </test-method> <!-- Login2 -->
        <test-method status="PASS" signature="addtocart()[pri:0, instance:test.Logtest@4abdb505]" name="addtocart" duration-ms="148" started-at="2021-07-05T06:33:36 UTC" depends-on-methods="test.Logtest.Login2" finished-at="2021-07-05T06:33:36 UTC">
          <reporter-output>
          </reporter-output>
        </test-method> <!-- addtocart -->
        <test-method status="PASS" signature="cart()[pri:0, instance:test.Logtest@4abdb505]" name="cart" duration-ms="147" started-at="2021-07-05T06:33:36 UTC" depends-on-methods="test.Logtest.addtocart" finished-at="2021-07-05T06:33:36 UTC">
          <reporter-output>
          </reporter-output>
        </test-method> <!-- cart -->
        <test-method status="PASS" signature="teardown()[pri:0, instance:test.Logtest@4abdb505]" name="teardown" is-config="true" duration-ms="248" started-at="2021-07-05T06:33:36 UTC" finished-at="2021-07-05T06:33:37 UTC">
          <reporter-output>
          </reporter-output>
        </test-method> <!-- teardown -->
      </class> <!-- test.Logtest -->
    </test> <!-- Test -->
  </suite> <!-- Suite -->
</testng-results>
